<?xml version="1.0" encoding="UTF-8"?>
<!-- Generated by org.testng.reporters.JUnitXMLReporter -->
<testsuite ignored="0" hostname="DESKTOP-GQ2DUQB" failures="0" tests="5" name="Surefire test" time="30.899" errors="0" timestamp="2022-06-20T17:02:51 PDT">
  <testcase classname="tests.FourTest" name="testFour" time="0.004"/>
  <testcase classname="tests.LoginTest" name="login" time="4.895"/>
  <testcase classname="tests.LoginTest" name="login" time="14.526"/>
  <testcase classname="tests.ThreeTest" name="testThree" time="0.002"/>
  <testcase classname="tests.TwoTest" name="testTwo" time="0.002"/>
</testsuite> <!-- Surefire test -->
