<?xml version="1.0" encoding="UTF-8"?>
<!-- Generated by org.testng.reporters.JUnitXMLReporter -->
<testsuite ignored="0" hostname="DESKTOP-GQ2DUQB" failures="0" tests="5" name="Test" time="32.897" errors="0" timestamp="2022-09-03T01:47:16 PDT">
  <testcase classname="tests.FourTest" name="testFour" time="0.015"/>
  <testcase classname="tests.TwoTest" name="testTwo" time="0.004"/>
  <testcase classname="tests.LoginTest" name="login" time="6.874"/>
  <testcase classname="tests.LoginTest" name="login" time="13.768"/>
  <testcase classname="tests.ThreeTest" name="testThree" time="0.001"/>
</testsuite> <!-- Test -->
